[Info  - 下午5:46:19] 2020/12/23 17:46:19 go env for /home/t/OnlineJudge/OnlineJudge-RearEnd
(root /home/t/OnlineJudge/OnlineJudge-RearEnd)
(go version go version go1.13.8 linux/amd64)
(valid build configuration = false)
(build flags: [])
GOSUMDB=sum.golang.org
GOINSECURE=
GONOSUMDB=
GOMOD=
GOMODCACHE=
GONOPROXY=
GOPATH=/root/go
GOPROXY=https://proxy.golang.org,direct
GO111MODULE=
GOCACHE=/root/.cache/go-build
GOFLAGS=
GOPRIVATE=
GOROOT=/usr/lib/go-1.13


[Info  - 下午5:46:19] 2020/12/23 17:46:19 go/packages.Load
	snapshot=0
	directory=/home/t/OnlineJudge/OnlineJudge-RearEnd
	query=[./ builtin]
	packages=2

[Error - 下午5:46:20] 2020/12/23 17:46:20 warning: diagnose package: no package for runtime
	snapshot=2
	package="runtime"

[Error - 下午5:46:29] 2020/12/23 17:46:29 warning: diagnose package: no package for runtime
	snapshot=4
	package="runtime"

[Info  - 下午5:46:50] 2020/12/23 17:46:50 background imports cache refresh starting

[Info  - 下午5:46:50] 2020/12/23 17:46:50 background refresh finished after 16.708303ms

[Error - 下午5:47:12] 2020/12/23 17:47:12 no completions found: this is a definition of var t invalid type
	position={28 6}

[Error - 下午5:47:12] 2020/12/23 17:47:12 imports fixes: AllImportsFixes: /home/t/OnlineJudge/OnlineJudge-RearEnd/main.go:29:6: missing variable type or initialization
	file="/home/t/OnlineJudge/OnlineJudge-RearEnd/main.go"

[Error - 下午5:47:14] 2020/12/23 17:47:14 no completions found: this is a definition of var a invalid type
	position={28 6}

[Error - 下午5:47:14] 2020/12/23 17:47:14 imports fixes: AllImportsFixes: /home/t/OnlineJudge/OnlineJudge-RearEnd/main.go:29:6: missing variable type or initialization
	file="/home/t/OnlineJudge/OnlineJudge-RearEnd/main.go"

[Info  - 下午5:47:17] 2020/12/23 17:47:17 go/packages.Load
	snapshot=25
	directory=/home/t/OnlineJudge/OnlineJudge-RearEnd
	query=[file=/home/t/OnlineJudge/OnlineJudge-RearEnd/main.go]
	packages=1

[Info  - 下午5:47:17] 2020/12/23 17:47:17 go/packages.Load
	snapshot=25
	package_path="command-line-arguments"
	files=[/home/t/OnlineJudge/OnlineJudge-RearEnd/main.go]

[Info  - 下午5:47:17] 2020/12/23 17:47:17 go/packages.Load
	snapshot=25
	directory=/home/t/OnlineJudge/OnlineJudge-RearEnd
	query=[./]
	packages=1

[Error - 下午5:47:22] 2020/12/23 17:47:22 imports fixes: AllImportsFixes: /home/t/OnlineJudge/OnlineJudge-RearEnd/main.go:33:9: expected '==', found '='
	file="/home/t/OnlineJudge/OnlineJudge-RearEnd/main.go"

[Info  - 下午5:47:26] 2020/12/23 17:47:26 background refresh finished after 788.754µs

[Info  - 下午5:47:26] 2020/12/23 17:47:26 background imports cache refresh starting

[Error - 下午5:49:02] Request textDocument/foldingRange failed.
  Message: invalid pos
  Code: 0 
[Error - 下午5:49:02] 2020/12/23 17:49:02 imports fixes: AllImportsFixes: /home/t/OnlineJudge/OnlineJudge-RearEnd/main.go:31:29: expected operand, found ',' (and 10 more errors)
	file="/home/t/OnlineJudge/OnlineJudge-RearEnd/main.go"

[Error - 下午5:49:02] 2020/12/23 17:49:02 DocumentSymbols failed: invalid pos
	URI=file:///home/t/OnlineJudge/OnlineJudge-RearEnd/main.go

[Info  - 下午5:49:28] 2020/12/23 17:49:28 background refresh finished after 215.131µs

[Info  - 下午5:49:28] 2020/12/23 17:49:28 background imports cache refresh starting

[Info  - 下午7:57:28] 2020/12/23 19:57:28 background refresh finished after 672.439µs

[Info  - 下午7:57:28] 2020/12/23 19:57:28 background imports cache refresh starting

[Info  - 下午7:58:10] 2020/12/23 19:58:10 background refresh finished after 515.045µs

[Info  - 下午7:58:10] 2020/12/23 19:58:10 background imports cache refresh starting

[Info  - 下午7:58:42] 2020/12/23 19:58:42 background refresh finished after 262.062µs

[Info  - 下午7:58:42] 2020/12/23 19:58:42 background imports cache refresh starting

[Info  - 下午7:59:12] 2020/12/23 19:59:12 background refresh finished after 386.217µs

[Info  - 下午7:59:12] 2020/12/23 19:59:12 background imports cache refresh starting

[Info  - 下午8:00:01] 2020/12/23 20:00:01 background refresh finished after 241.374µs

[Info  - 下午8:00:01] 2020/12/23 20:00:01 background imports cache refresh starting

[Info  - 下午8:00:31] 2020/12/23 20:00:31 background refresh finished after 259.848µs

[Info  - 下午8:00:31] 2020/12/23 20:00:31 background imports cache refresh starting

[Info  - 下午8:01:01] 2020/12/23 20:01:01 background imports cache refresh starting

[Info  - 下午8:01:01] 2020/12/23 20:01:01 background refresh finished after 714.575µs

[Info  - 下午8:04:31] 2020/12/23 20:04:31 background refresh finished after 333.12µs

[Info  - 下午8:04:31] 2020/12/23 20:04:31 background imports cache refresh starting

[Info  - 下午8:05:36] 2020/12/23 20:05:36 background refresh finished after 220.388µs

[Info  - 下午8:05:36] 2020/12/23 20:05:36 background imports cache refresh starting

[Error - 下午8:13:57] Request textDocument/definition failed.
  Message: no identifier found
  Code: 0 
[Info  - 下午8:14:15] 2020/12/23 20:14:15 background refresh finished after 214.935µs

[Info  - 下午8:14:15] 2020/12/23 20:14:15 background imports cache refresh starting

