[2020-12-23 17:03:19.844] [renderer1] [error] [File Watcher (node.js)] Error: ENOENT: no such file or directory, stat '/home/t/OnlineJudge/OnlineJudge-RearEnd/.vscode'
[2020-12-23 17:18:55.740] [renderer1] [warning] Settings pattern "workbench.fontAliasing" doesn't match any settings
[2020-12-23 17:19:30.782] [renderer1] [warning] Settings pattern "workbench.fontAliasing" doesn't match any settings
[2020-12-23 17:21:14.818] [renderer1] [warning] Settings pattern "workbench.fontAliasing" doesn't match any settings
[2020-12-23 17:34:17.682] [renderer1] [error] Command failed: /root/go/bin/godef -t -i -f /home/t/OnlineJudge/OnlineJudge-RearEnd/main.go -o 56
godef: error finding import path for github.com/go-sql-driver/mysql: cannot find package "github.com/go-sql-driver/mysql" in any of:
	/usr/lib/go-1.13/src/github.com/go-sql-driver/mysql (from $GOROOT)
	/root/go/src/github.com/go-sql-driver/mysql (from $GOPATH)

[2020-12-23 17:42:50.193] [renderer1] [error] Command failed: /root/go/bin/godef -t -i -f /home/t/OnlineJudge/OnlineJudge-RearEnd/main.go -o 652
godef: no declaration found for null

[2020-12-23 17:43:01.063] [renderer1] [error] name must not be falsy: Error: name must not be falsy
	at Function.validate (/snap/code/52/usr/share/code/resources/app/out/vs/workbench/services/extensions/node/extensionHostProcess.js:546:315)
	at new T (/snap/code/52/usr/share/code/resources/app/out/vs/workbench/services/extensions/node/extensionHostProcess.js:546:264)
	at new T (/snap/code/52/usr/share/code/resources/app/out/vs/workbench/services/extensions/node/extensionHostProcess.js:531:904)
	at /root/.vscode/extensions/golang.go-0.20.0/dist/goMain.js:15983:28
	at Array.forEach (<anonymous>)
	at convertToCodeSymbols (/root/.vscode/extensions/golang.go-0.20.0/dist/goMain.js:15961:19)
	at /root/.vscode/extensions/golang.go-0.20.0/dist/goMain.js:15895:16
	at Generator.next (<anonymous>)
	at fulfilled (/root/.vscode/extensions/golang.go-0.20.0/dist/goMain.js:15872:58)
	at runMicrotasks (<anonymous>)
	at processTicksAndRejections (internal/process/task_queues.js:94:5)
[2020-12-23 17:44:48.231] [renderer1] [warning] Check the console in dev tools to find errors when formatting.
[2020-12-23 17:49:02.389] [renderer1] [error] invalid pos: Error: invalid pos
	at handleResponse (/root/.vscode/extensions/golang.go-0.20.0/dist/goMain.js:94042:48)
	at processMessageQueue (/root/.vscode/extensions/golang.go-0.20.0/dist/goMain.js:93857:17)
	at Immediate.<anonymous> (/root/.vscode/extensions/golang.go-0.20.0/dist/goMain.js:93841:13)
	at processImmediate (internal/timers.js:439:21)
[2020-12-23 20:13:57.239] [renderer1] [error] no identifier found: Error: no identifier found
	at handleResponse (/root/.vscode/extensions/golang.go-0.20.0/dist/goMain.js:94042:48)
	at processMessageQueue (/root/.vscode/extensions/golang.go-0.20.0/dist/goMain.js:93857:17)
	at Immediate.<anonymous> (/root/.vscode/extensions/golang.go-0.20.0/dist/goMain.js:93841:13)
	at processImmediate (internal/timers.js:439:21)
