[2020-12-23 17:03:05.941] [exthost] [info] extension host started
[2020-12-23 17:03:06.104] [exthost] [info] ExtensionService#_doActivateExtension vscode.microsoft-authentication {"startup":false,"extensionId":{"value":"vscode.microsoft-authentication","_lower":"vscode.microsoft-authentication"},"activationEvent":"onAuthenticationRequest:microsoft"}
[2020-12-23 17:03:06.105] [exthost] [info] ExtensionService#loadCommonJSModule file:///snap/code/52/usr/share/code/resources/app/extensions/microsoft-authentication/dist/extension.js
[2020-12-23 17:03:06.137] [exthost] [info] ExtensionService#_doActivateExtension vscode.debug-auto-launch {"startup":true,"extensionId":{"value":"vscode.debug-auto-launch","_lower":"vscode.debug-auto-launch"},"activationEvent":"*"}
[2020-12-23 17:03:06.137] [exthost] [info] ExtensionService#loadCommonJSModule file:///snap/code/52/usr/share/code/resources/app/extensions/debug-auto-launch/dist/extension
[2020-12-23 17:03:06.143] [exthost] [info] ExtensionService#_doActivateExtension vscode.emmet {"startup":true,"extensionId":{"value":"vscode.emmet","_lower":"vscode.emmet"},"activationEvent":"*"}
[2020-12-23 17:03:06.143] [exthost] [info] ExtensionService#loadCommonJSModule file:///snap/code/52/usr/share/code/resources/app/extensions/emmet/dist/node/emmetNodeMain
[2020-12-23 17:03:06.193] [exthost] [info] ExtensionService#_doActivateExtension vscode.git {"startup":true,"extensionId":{"value":"vscode.github","_lower":"vscode.github"},"activationEvent":"*"}
[2020-12-23 17:03:06.193] [exthost] [info] ExtensionService#loadCommonJSModule file:///snap/code/52/usr/share/code/resources/app/extensions/git/dist/main
[2020-12-23 17:03:06.281] [exthost] [info] ExtensionService#_doActivateExtension vscode.merge-conflict {"startup":true,"extensionId":{"value":"vscode.merge-conflict","_lower":"vscode.merge-conflict"},"activationEvent":"*"}
[2020-12-23 17:03:06.281] [exthost] [info] ExtensionService#loadCommonJSModule file:///snap/code/52/usr/share/code/resources/app/extensions/merge-conflict/dist/mergeConflictMain
[2020-12-23 17:03:06.287] [exthost] [info] ExtensionService#_doActivateExtension vscode.search-result {"startup":true,"extensionId":{"value":"vscode.search-result","_lower":"vscode.search-result"},"activationEvent":"*"}
[2020-12-23 17:03:06.287] [exthost] [info] ExtensionService#loadCommonJSModule file:///snap/code/52/usr/share/code/resources/app/extensions/search-result/dist/extension.js
[2020-12-23 17:03:06.416] [exthost] [info] ExtensionService#_doActivateExtension vscode.github {"startup":true,"extensionId":{"value":"vscode.github","_lower":"vscode.github"},"activationEvent":"*"}
[2020-12-23 17:03:06.416] [exthost] [info] ExtensionService#loadCommonJSModule file:///snap/code/52/usr/share/code/resources/app/extensions/github/dist/extension.js
[2020-12-23 17:03:06.434] [exthost] [info] ExtensionService#_doActivateExtension ms-vscode.js-debug {"startup":false,"extensionId":{"value":"ms-vscode.js-debug","_lower":"ms-vscode.js-debug"},"activationEvent":"onCommand:extension.js-debug.clearAutoAttachVariables"}
[2020-12-23 17:03:06.434] [exthost] [info] ExtensionService#loadCommonJSModule file:///snap/code/52/usr/share/code/resources/app/extensions/ms-vscode.js-debug/src/extension.js
[2020-12-23 17:03:06.688] [exthost] [info] eager extensions activated
[2020-12-23 17:03:06.711] [exthost] [info] ExtensionService#_doActivateExtension vscode.github-authentication {"startup":false,"extensionId":{"value":"vscode.github-authentication","_lower":"vscode.github-authentication"},"activationEvent":"onAuthenticationRequest:github"}
[2020-12-23 17:03:06.711] [exthost] [info] ExtensionService#loadCommonJSModule file:///snap/code/52/usr/share/code/resources/app/extensions/github-authentication/dist/extension.js
[2020-12-23 17:03:20.542] [exthost] [info] extension host started
[2020-12-23 17:03:20.569] [exthost] [info] ExtensionService#_doActivateExtension vscode.microsoft-authentication {"startup":false,"extensionId":{"value":"vscode.microsoft-authentication","_lower":"vscode.microsoft-authentication"},"activationEvent":"onAuthenticationRequest:microsoft"}
[2020-12-23 17:03:20.569] [exthost] [info] ExtensionService#loadCommonJSModule file:///snap/code/52/usr/share/code/resources/app/extensions/microsoft-authentication/dist/extension.js
[2020-12-23 17:03:20.578] [exthost] [info] ExtensionService#_doActivateExtension vscode.debug-auto-launch {"startup":true,"extensionId":{"value":"vscode.debug-auto-launch","_lower":"vscode.debug-auto-launch"},"activationEvent":"*"}
[2020-12-23 17:03:20.578] [exthost] [info] ExtensionService#loadCommonJSModule file:///snap/code/52/usr/share/code/resources/app/extensions/debug-auto-launch/dist/extension
[2020-12-23 17:03:20.579] [exthost] [info] ExtensionService#_doActivateExtension vscode.emmet {"startup":true,"extensionId":{"value":"vscode.emmet","_lower":"vscode.emmet"},"activationEvent":"*"}
[2020-12-23 17:03:20.580] [exthost] [info] ExtensionService#loadCommonJSModule file:///snap/code/52/usr/share/code/resources/app/extensions/emmet/dist/node/emmetNodeMain
[2020-12-23 17:03:20.592] [exthost] [info] ExtensionService#_doActivateExtension vscode.git {"startup":true,"extensionId":{"value":"vscode.github","_lower":"vscode.github"},"activationEvent":"*"}
[2020-12-23 17:03:20.592] [exthost] [info] ExtensionService#loadCommonJSModule file:///snap/code/52/usr/share/code/resources/app/extensions/git/dist/main
[2020-12-23 17:03:20.608] [exthost] [info] ExtensionService#_doActivateExtension vscode.merge-conflict {"startup":true,"extensionId":{"value":"vscode.merge-conflict","_lower":"vscode.merge-conflict"},"activationEvent":"*"}
[2020-12-23 17:03:20.608] [exthost] [info] ExtensionService#loadCommonJSModule file:///snap/code/52/usr/share/code/resources/app/extensions/merge-conflict/dist/mergeConflictMain
[2020-12-23 17:03:20.610] [exthost] [info] ExtensionService#_doActivateExtension vscode.search-result {"startup":true,"extensionId":{"value":"vscode.search-result","_lower":"vscode.search-result"},"activationEvent":"*"}
[2020-12-23 17:03:20.610] [exthost] [info] ExtensionService#loadCommonJSModule file:///snap/code/52/usr/share/code/resources/app/extensions/search-result/dist/extension.js
[2020-12-23 17:03:20.689] [exthost] [info] ExtensionService#_doActivateExtension vscode.github {"startup":true,"extensionId":{"value":"vscode.github","_lower":"vscode.github"},"activationEvent":"*"}
[2020-12-23 17:03:20.690] [exthost] [info] ExtensionService#loadCommonJSModule file:///snap/code/52/usr/share/code/resources/app/extensions/github/dist/extension.js
[2020-12-23 17:03:20.738] [exthost] [info] ExtensionService#_doActivateExtension ms-vscode.js-debug {"startup":false,"extensionId":{"value":"ms-vscode.js-debug","_lower":"ms-vscode.js-debug"},"activationEvent":"onCommand:extension.js-debug.clearAutoAttachVariables"}
[2020-12-23 17:03:20.738] [exthost] [info] ExtensionService#loadCommonJSModule file:///snap/code/52/usr/share/code/resources/app/extensions/ms-vscode.js-debug/src/extension.js
[2020-12-23 17:03:20.907] [exthost] [info] eager extensions activated
[2020-12-23 17:03:21.071] [exthost] [info] ExtensionService#_doActivateExtension vscode.github-authentication {"startup":false,"extensionId":{"value":"vscode.github-authentication","_lower":"vscode.github-authentication"},"activationEvent":"onAuthenticationRequest:github"}
[2020-12-23 17:03:21.071] [exthost] [info] ExtensionService#loadCommonJSModule file:///snap/code/52/usr/share/code/resources/app/extensions/github-authentication/dist/extension.js
[2020-12-23 17:03:26.463] [exthost] [info] ExtensionService#_doActivateExtension golang.go {"startup":false,"extensionId":{"value":"golang.go","_lower":"golang.go"},"activationEvent":"onLanguage:go"}
[2020-12-23 17:03:26.463] [exthost] [info] ExtensionService#loadCommonJSModule file:///root/.vscode/extensions/golang.go-0.20.0/dist/goMain.js
[2020-12-23 17:19:05.295] [exthost] [info] ExtensionService#_doActivateExtension vscode.configuration-editing {"startup":false,"extensionId":{"value":"vscode.configuration-editing","_lower":"vscode.configuration-editing"},"activationEvent":"onLanguage:jsonc"}
[2020-12-23 17:19:05.295] [exthost] [info] ExtensionService#loadCommonJSModule file:///snap/code/52/usr/share/code/resources/app/extensions/configuration-editing/dist/configurationEditingMain
[2020-12-23 17:19:05.327] [exthost] [info] ExtensionService#_doActivateExtension vscode.json-language-features {"startup":false,"extensionId":{"value":"vscode.json-language-features","_lower":"vscode.json-language-features"},"activationEvent":"onLanguage:jsonc"}
[2020-12-23 17:19:05.327] [exthost] [info] ExtensionService#loadCommonJSModule file:///snap/code/52/usr/share/code/resources/app/extensions/json-language-features/client/dist/node/jsonClientMain
[2020-12-23 17:19:05.398] [exthost] [info] ExtensionService#_doActivateExtension vscode.typescript-language-features {"startup":false,"extensionId":{"value":"vscode.typescript-language-features","_lower":"vscode.typescript-language-features"},"activationEvent":"onLanguage:jsonc"}
[2020-12-23 17:19:05.398] [exthost] [info] ExtensionService#loadCommonJSModule file:///snap/code/52/usr/share/code/resources/app/extensions/typescript-language-features/dist/extension
[2020-12-23 17:19:06.599] [exthost] [warning] [Decorations] CAPPING events from decorations provider vscode.git 252
[2020-12-23 17:19:31.404] [exthost] [warning] [Decorations] CAPPING events from decorations provider vscode.git 255
[2020-12-23 17:19:53.317] [exthost] [warning] [Decorations] CAPPING events from decorations provider vscode.git 254
[2020-12-23 17:21:32.939] [exthost] [warning] [Decorations] CAPPING events from decorations provider vscode.git 254
[2020-12-23 17:21:38.007] [exthost] [warning] [Decorations] CAPPING events from decorations provider vscode.git 254
[2020-12-23 17:21:54.935] [exthost] [warning] [Decorations] CAPPING events from decorations provider vscode.git 254
[2020-12-23 17:22:08.538] [exthost] [warning] [Decorations] CAPPING events from decorations provider vscode.git 254
[2020-12-23 17:22:26.706] [exthost] [warning] [Decorations] CAPPING events from decorations provider vscode.git 254
[2020-12-23 17:23:03.296] [exthost] [warning] [Decorations] CAPPING events from decorations provider vscode.git 254
[2020-12-23 17:23:08.366] [exthost] [warning] [Decorations] CAPPING events from decorations provider vscode.git 254
[2020-12-23 17:25:35.027] [exthost] [warning] [Decorations] CAPPING events from decorations provider vscode.git 254
[2020-12-23 17:25:40.102] [exthost] [warning] [Decorations] CAPPING events from decorations provider vscode.git 254
[2020-12-23 17:32:18.009] [exthost] [warning] [Decorations] CAPPING events from decorations provider vscode.git 254
[2020-12-23 17:32:23.083] [exthost] [warning] [Decorations] CAPPING events from decorations provider vscode.git 254
[2020-12-23 17:32:31.981] [exthost] [warning] [Decorations] CAPPING events from decorations provider vscode.git 254
[2020-12-23 17:32:37.049] [exthost] [warning] [Decorations] CAPPING events from decorations provider vscode.git 255
[2020-12-23 17:32:47.046] [exthost] [warning] [Decorations] CAPPING events from decorations provider vscode.git 255
[2020-12-23 17:33:42.456] [exthost] [warning] [Decorations] CAPPING events from decorations provider vscode.git 254
[2020-12-23 17:34:05.567] [exthost] [warning] [Decorations] CAPPING events from decorations provider vscode.git 254
[2020-12-23 17:34:17.573] [exthost] [error] [golang.go] provider FAILED
[2020-12-23 17:34:17.573] [exthost] [error] Command failed: /root/go/bin/godef -t -i -f /home/t/OnlineJudge/OnlineJudge-RearEnd/main.go -o 56
godef: error finding import path for github.com/go-sql-driver/mysql: cannot find package "github.com/go-sql-driver/mysql" in any of:
	/usr/lib/go-1.13/src/github.com/go-sql-driver/mysql (from $GOROOT)
	/root/go/src/github.com/go-sql-driver/mysql (from $GOPATH)

[2020-12-23 17:34:19.352] [exthost] [warning] [Decorations] CAPPING events from decorations provider vscode.git 254
[2020-12-23 17:34:39.581] [exthost] [warning] [Decorations] CAPPING events from decorations provider vscode.git 254
[2020-12-23 17:34:45.041] [exthost] [warning] [Decorations] CAPPING events from decorations provider vscode.git 254
[2020-12-23 17:34:56.877] [exthost] [warning] [Decorations] CAPPING events from decorations provider vscode.git 254
[2020-12-23 17:36:12.040] [exthost] [warning] [Decorations] CAPPING events from decorations provider vscode.git 254
[2020-12-23 17:38:47.204] [exthost] [warning] [Decorations] CAPPING events from decorations provider vscode.git 254
[2020-12-23 17:39:05.690] [exthost] [warning] [Decorations] CAPPING events from decorations provider vscode.git 254
[2020-12-23 17:39:17.256] [exthost] [warning] [Decorations] CAPPING events from decorations provider vscode.git 254
[2020-12-23 17:40:51.779] [exthost] [warning] [Decorations] CAPPING events from decorations provider vscode.git 254
[2020-12-23 17:41:24.238] [exthost] [warning] [Decorations] CAPPING events from decorations provider vscode.git 254
[2020-12-23 17:41:33.114] [exthost] [warning] [Decorations] CAPPING events from decorations provider vscode.git 254
[2020-12-23 17:41:38.194] [exthost] [warning] [Decorations] CAPPING events from decorations provider vscode.git 254
[2020-12-23 17:41:50.172] [exthost] [warning] [Decorations] CAPPING events from decorations provider vscode.git 254
[2020-12-23 17:42:10.659] [exthost] [warning] [Decorations] CAPPING events from decorations provider vscode.git 254
[2020-12-23 17:42:16.619] [exthost] [warning] [Decorations] CAPPING events from decorations provider vscode.git 254
[2020-12-23 17:42:33.392] [exthost] [warning] [Decorations] CAPPING events from decorations provider vscode.git 254
[2020-12-23 17:42:50.192] [exthost] [error] [golang.go] provider FAILED
[2020-12-23 17:42:50.192] [exthost] [error] Command failed: /root/go/bin/godef -t -i -f /home/t/OnlineJudge/OnlineJudge-RearEnd/main.go -o 652
godef: no declaration found for null

[2020-12-23 17:42:52.177] [exthost] [warning] [Decorations] CAPPING events from decorations provider vscode.git 254
[2020-12-23 17:43:00.858] [exthost] [error] [golang.go] provider FAILED
[2020-12-23 17:43:01.055] [exthost] [error] Error: name must not be falsy
	at Function.validate (/snap/code/52/usr/share/code/resources/app/out/vs/workbench/services/extensions/node/extensionHostProcess.js:546:315)
	at new T (/snap/code/52/usr/share/code/resources/app/out/vs/workbench/services/extensions/node/extensionHostProcess.js:546:264)
	at new T (/snap/code/52/usr/share/code/resources/app/out/vs/workbench/services/extensions/node/extensionHostProcess.js:531:904)
	at /root/.vscode/extensions/golang.go-0.20.0/dist/goMain.js:15983:28
	at Array.forEach (<anonymous>)
	at convertToCodeSymbols (/root/.vscode/extensions/golang.go-0.20.0/dist/goMain.js:15961:19)
	at /root/.vscode/extensions/golang.go-0.20.0/dist/goMain.js:15895:16
	at Generator.next (<anonymous>)
	at fulfilled (/root/.vscode/extensions/golang.go-0.20.0/dist/goMain.js:15872:58)
	at runMicrotasks (<anonymous>)
	at processTicksAndRejections (internal/process/task_queues.js:94:5)
[2020-12-23 17:43:13.712] [exthost] [warning] [Decorations] CAPPING events from decorations provider vscode.git 254
[2020-12-23 17:44:12.183] [exthost] [warning] [Decorations] CAPPING events from decorations provider vscode.git 254
[2020-12-23 17:44:20.263] [exthost] [warning] [Decorations] CAPPING events from decorations provider vscode.git 254
[2020-12-23 17:44:28.021] [exthost] [warning] [Decorations] CAPPING events from decorations provider vscode.git 254
[2020-12-23 17:44:48.230] [exthost] [error] [golang.go] provider FAILED
[2020-12-23 17:44:48.230] [exthost] [error] Check the console in dev tools to find errors when formatting.
[2020-12-23 17:44:49.356] [exthost] [warning] [Decorations] CAPPING events from decorations provider vscode.git 254
[2020-12-23 17:44:54.421] [exthost] [warning] [Decorations] CAPPING events from decorations provider vscode.git 254
[2020-12-23 17:45:00.099] [exthost] [warning] [Decorations] CAPPING events from decorations provider vscode.git 254
[2020-12-23 17:45:35.031] [exthost] [warning] [Decorations] CAPPING events from decorations provider vscode.git 254
[2020-12-23 17:45:41.782] [exthost] [info] ExtensionService#_doActivateExtension vscode.debug-server-ready {"startup":false,"extensionId":{"value":"vscode.debug-server-ready","_lower":"vscode.debug-server-ready"},"activationEvent":"onDebugResolve"}
[2020-12-23 17:45:41.782] [exthost] [info] ExtensionService#loadCommonJSModule file:///snap/code/52/usr/share/code/resources/app/extensions/debug-server-ready/dist/extension
[2020-12-23 17:45:41.927] [exthost] [warning] [Decorations] CAPPING events from decorations provider vscode.git 254
[2020-12-23 17:45:48.681] [exthost] [warning] [Decorations] CAPPING events from decorations provider vscode.git 255
[2020-12-23 17:46:20.085] [exthost] [warning] [Decorations] CAPPING events from decorations provider vscode.git 258
[2020-12-23 17:46:27.538] [exthost] [warning] [Decorations] CAPPING events from decorations provider vscode.git 258
[2020-12-23 17:46:32.603] [exthost] [warning] [Decorations] CAPPING events from decorations provider vscode.git 258
[2020-12-23 17:46:56.149] [exthost] [warning] [Decorations] CAPPING events from decorations provider vscode.git 266
[2020-12-23 17:47:20.389] [exthost] [warning] [Decorations] CAPPING events from decorations provider vscode.git 265
[2020-12-23 17:49:02.387] [exthost] [error] [golang.go] provider FAILED
[2020-12-23 17:49:02.388] [exthost] [error] Error: invalid pos
	at handleResponse (/root/.vscode/extensions/golang.go-0.20.0/dist/goMain.js:94042:48)
	at processMessageQueue (/root/.vscode/extensions/golang.go-0.20.0/dist/goMain.js:93857:17)
	at Immediate.<anonymous> (/root/.vscode/extensions/golang.go-0.20.0/dist/goMain.js:93841:13)
	at processImmediate (internal/timers.js:439:21)
[2020-12-23 17:49:06.112] [exthost] [warning] [Decorations] CAPPING events from decorations provider vscode.git 265
[2020-12-23 19:57:49.358] [exthost] [warning] [Decorations] CAPPING events from decorations provider vscode.git 265
[2020-12-23 19:59:31.716] [exthost] [warning] [Decorations] CAPPING events from decorations provider vscode.git 267
[2020-12-23 19:59:48.078] [exthost] [warning] [Decorations] CAPPING events from decorations provider vscode.git 267
[2020-12-23 20:00:00.888] [exthost] [warning] [Decorations] CAPPING events from decorations provider vscode.git 266
[2020-12-23 20:00:36.932] [exthost] [warning] [Decorations] CAPPING events from decorations provider vscode.git 266
[2020-12-23 20:00:42.646] [exthost] [warning] [Decorations] CAPPING events from decorations provider vscode.git 266
[2020-12-23 20:00:48.988] [exthost] [warning] [Decorations] CAPPING events from decorations provider vscode.git 266
[2020-12-23 20:04:01.442] [exthost] [warning] [Decorations] CAPPING events from decorations provider vscode.git 266
[2020-12-23 20:04:06.519] [exthost] [warning] [Decorations] CAPPING events from decorations provider vscode.git 266
[2020-12-23 20:13:57.186] [exthost] [error] [golang.go] provider FAILED
[2020-12-23 20:13:57.219] [exthost] [error] Error: no identifier found
	at handleResponse (/root/.vscode/extensions/golang.go-0.20.0/dist/goMain.js:94042:48)
	at processMessageQueue (/root/.vscode/extensions/golang.go-0.20.0/dist/goMain.js:93857:17)
	at Immediate.<anonymous> (/root/.vscode/extensions/golang.go-0.20.0/dist/goMain.js:93841:13)
	at processImmediate (internal/timers.js:439:21)
[2020-12-23 20:13:59.817] [exthost] [warning] [Decorations] CAPPING events from decorations provider vscode.git 266
